# JRE version: Java(TM) SE Runtime Environment (8.0_211-b12) (build 1.8.0_211-b12)
# Java VM: Java HotSpot(TM) 64-Bit Server VM (25.211-b12 mixed mode linux-amd64 compressed oops)
Heap:
 PSYoungGen      total 137728K, used 17408K [0x00000000eb600000, 0x00000000f5100000, 0x0000000100000000)
  eden space 120320K, 0% used [0x00000000eb600000,0x00000000eb600000,0x00000000f2b80000)
  from space 17408K, 100% used [0x00000000f2b80000,0x00000000f3c80000,0x00000000f3c80000)
  to   space 13824K, 0% used [0x00000000f3c80000,0x00000000f3c80000,0x00000000f4a00000)
 ParOldGen       total 42496K, used 23430K [0x00000000c2200000, 0x00000000c4b80000, 0x00000000eb600000)
  object space 42496K, 55% used [0x00000000c2200000,0x00000000c38e1968,0x00000000c4b80000)
 Metaspace       used 16907K, capacity 17372K, committed 17536K, reserved 1064960K
  class space    used 1975K, capacity 2096K, committed 2176K, reserved 1048576K
GC Heap History (10 events):
Event: 2.213 GC heap after
Heap after GC invocations=4 (full 0):
 PSYoungGen      total 34304K, used 2528K [0x00000000eb600000, 0x00000000eda00000, 0x0000000100000000)
  eden space 31744K, 0% used [0x00000000eb600000,0x00000000eb600000,0x00000000ed500000)
  from space 2560K, 98% used [0x00000000ed780000,0x00000000ed9f8020,0x00000000eda00000)
  to   space 2560K, 0% used [0x00000000ed500000,0x00000000ed500000,0x00000000ed780000)
 ParOldGen       total 42496K, used 5308K [0x00000000c2200000, 0x00000000c4b80000, 0x00000000eb600000)
  object space 42496K, 12% used [0x00000000c2200000,0x00000000c272f390,0x00000000c4b80000)
 Metaspace       used 11697K, capacity 11850K, committed 12160K, reserved 1060864K
  class space    used 1453K, capacity 1541K, committed 1664K, reserved 1048576K
}
Event: 3.125 GC heap before
{Heap before GC invocations=5 (full 0):
 PSYoungGen      total 34304K, used 34272K [0x00000000eb600000, 0x00000000eda00000, 0x0000000100000000)
  eden space 31744K, 100% used [0x00000000eb600000,0x00000000ed500000,0x00000000ed500000)
  from space 2560K, 98% used [0x00000000ed780000,0x00000000ed9f8020,0x00000000eda00000)
  to   space 2560K, 0% used [0x00000000ed500000,0x00000000ed500000,0x00000000ed780000)
 ParOldGen       total 42496K, used 5308K [0x00000000c2200000, 0x00000000c4b80000, 0x00000000eb600000)
  object space 42496K, 12% used [0x00000000c2200000,0x00000000c272f390,0x00000000c4b80000)
 Metaspace       used 14508K, capacity 14680K, committed 14976K, reserved 1062912K
  class space    used 1791K, capacity 1874K, committed 1920K, reserved 1048576K
Event: 3.190 GC heap after
Heap after GC invocations=5 (full 0):
 PSYoungGen      total 34304K, used 2544K [0x00000000eb600000, 0x00000000f0600000, 0x0000000100000000)
  eden space 31744K, 0% used [0x00000000eb600000,0x00000000eb600000,0x00000000ed500000)
  from space 2560K, 99% used [0x00000000ed500000,0x00000000ed77c030,0x00000000ed780000)
  to   space 9216K, 0% used [0x00000000efd00000,0x00000000efd00000,0x00000000f0600000)
 ParOldGen       total 42496K, used 12554K [0x00000000c2200000, 0x00000000c4b80000, 0x00000000eb600000)
  object space 42496K, 29% used [0x00000000c2200000,0x00000000c2e42a88,0x00000000c4b80000)
 Metaspace       used 14508K, capacity 14680K, committed 14976K, reserved 1062912K
  class space    used 1791K, capacity 1874K, committed 1920K, reserved 1048576K
}
Event: 3.558 GC heap before
{Heap before GC invocations=6 (full 0):
 PSYoungGen      total 34304K, used 34288K [0x00000000eb600000, 0x00000000f0600000, 0x0000000100000000)
  eden space 31744K, 100% used [0x00000000eb600000,0x00000000ed500000,0x00000000ed500000)
  from space 2560K, 99% used [0x00000000ed500000,0x00000000ed77c030,0x00000000ed780000)
  to   space 9216K, 0% used [0x00000000efd00000,0x00000000efd00000,0x00000000f0600000)
 ParOldGen       total 42496K, used 12554K [0x00000000c2200000, 0x00000000c4b80000, 0x00000000eb600000)
  object space 42496K, 29% used [0x00000000c2200000,0x00000000c2e42a88,0x00000000c4b80000)
 Metaspace       used 14628K, capacity 14890K, committed 15232K, reserved 1062912K
  class space    used 1797K, capacity 1877K, committed 1920K, reserved 1048576K
Event: 3.583 GC heap after
Heap after GC invocations=6 (full 0):
 PSYoungGen      total 71168K, used 8368K [0x00000000eb600000, 0x00000000f0900000, 0x0000000100000000)
  eden space 61952K, 0% used [0x00000000eb600000,0x00000000eb600000,0x00000000ef280000)
  from space 9216K, 90% used [0x00000000efd00000,0x00000000f052c010,0x00000000f0600000)
  to   space 10752K, 0% used [0x00000000ef280000,0x00000000ef280000,0x00000000efd00000)
 ParOldGen       total 42496K, used 12554K [0x00000000c2200000, 0x00000000c4b80000, 0x00000000eb600000)
  object space 42496K, 29% used [0x00000000c2200000,0x00000000c2e42a88,0x00000000c4b80000)
 Metaspace       used 14628K, capacity 14890K, committed 15232K, reserved 1062912K
  class space    used 1797K, capacity 1877K, committed 1920K, reserved 1048576K
}
Event: 4.456 GC heap before
{Heap before GC invocations=7 (full 0):
 PSYoungGen      total 71168K, used 70320K [0x00000000eb600000, 0x00000000f0900000, 0x0000000100000000)
  eden space 61952K, 100% used [0x00000000eb600000,0x00000000ef280000,0x00000000ef280000)
  from space 9216K, 90% used [0x00000000efd00000,0x00000000f052c010,0x00000000f0600000)
  to   space 10752K, 0% used [0x00000000ef280000,0x00000000ef280000,0x00000000efd00000)
 ParOldGen       total 42496K, used 12554K [0x00000000c2200000, 0x00000000c4b80000, 0x00000000eb600000)
  object space 42496K, 29% used [0x00000000c2200000,0x00000000c2e42a88,0x00000000c4b80000)
 Metaspace       used 14744K, capacity 14954K, committed 15232K, reserved 1062912K
  class space    used 1798K, capacity 1877K, committed 1920K, reserved 1048576K
Event: 4.493 GC heap after
Heap after GC invocations=7 (full 0):
 PSYoungGen      total 72704K, used 10736K [0x00000000eb600000, 0x00000000f4a00000, 0x0000000100000000)
  eden space 61952K, 0% used [0x00000000eb600000,0x00000000eb600000,0x00000000ef280000)
  from space 10752K, 99% used [0x00000000ef280000,0x00000000efcfc010,0x00000000efd00000)
  to   space 13824K, 0% used [0x00000000f3c80000,0x00000000f3c80000,0x00000000f4a00000)
 ParOldGen       total 42496K, used 14610K [0x00000000c2200000, 0x00000000c4b80000, 0x00000000eb600000)
  object space 42496K, 34% used [0x00000000c2200000,0x00000000c3044b28,0x00000000c4b80000)
 Metaspace       used 14744K, capacity 14954K, committed 15232K, reserved 1062912K
  class space    used 1798K, capacity 1877K, committed 1920K, reserved 1048576K
}
Event: 5.601 GC heap before
{Heap before GC invocations=8 (full 0):
 PSYoungGen      total 72704K, used 72688K [0x00000000eb600000, 0x00000000f4a00000, 0x0000000100000000)
  eden space 61952K, 100% used [0x00000000eb600000,0x00000000ef280000,0x00000000ef280000)
  from space 10752K, 99% used [0x00000000ef280000,0x00000000efcfc010,0x00000000efd00000)
  to   space 13824K, 0% used [0x00000000f3c80000,0x00000000f3c80000,0x00000000f4a00000)
 ParOldGen       total 42496K, used 14610K [0x00000000c2200000, 0x00000000c4b80000, 0x00000000eb600000)
  object space 42496K, 34% used [0x00000000c2200000,0x00000000c3044b28,0x00000000c4b80000)
 Metaspace       used 16118K, capacity 16410K, committed 16640K, reserved 1064960K
  class space    used 1929K, capacity 2021K, committed 2048K, reserved 1048576K
Event: 5.978 GC heap after
Heap after GC invocations=8 (full 0):
 PSYoungGen      total 134144K, used 13792K [0x00000000eb600000, 0x00000000f5100000, 0x0000000100000000)
  eden space 120320K, 0% used [0x00000000eb600000,0x00000000eb600000,0x00000000f2b80000)
  from space 13824K, 99% used [0x00000000f3c80000,0x00000000f49f8020,0x00000000f4a00000)
  to   space 17408K, 0% used [0x00000000f2b80000,0x00000000f2b80000,0x00000000f3c80000)
 ParOldGen       total 42496K, used 18147K [0x00000000c2200000, 0x00000000c4b80000, 0x00000000eb600000)
  object space 42496K, 42% used [0x00000000c2200000,0x00000000c33b8d10,0x00000000c4b80000)
 Metaspace       used 16118K, capacity 16410K, committed 16640K, reserved 1064960K
  class space    used 1929K, capacity 2021K, committed 2048K, reserved 1048576K
}
Event: 7.788 GC heap before
{Heap before GC invocations=9 (full 0):
 PSYoungGen      total 134144K, used 134112K [0x00000000eb600000, 0x00000000f5100000, 0x0000000100000000)
  eden space 120320K, 100% used [0x00000000eb600000,0x00000000f2b80000,0x00000000f2b80000)
  from space 13824K, 99% used [0x00000000f3c80000,0x00000000f49f8020,0x00000000f4a00000)
  to   space 17408K, 0% used [0x00000000f2b80000,0x00000000f2b80000,0x00000000f3c80000)
 ParOldGen       total 42496K, used 18147K [0x00000000c2200000, 0x00000000c4b80000, 0x00000000eb600000)
  object space 42496K, 42% used [0x00000000c2200000,0x00000000c33b8d10,0x00000000c4b80000)
 Metaspace       used 16907K, capacity 17372K, committed 17536K, reserved 1064960K
  class space    used 1975K, capacity 2096K, committed 2176K, reserved 1048576K

